<?xml version="1.0" encoding="UTF-8"?>
<!-- Generated by org.testng.reporters.JUnitXMLReporter -->
<testsuite hostname="Andy" name="Default test" tests="6" failures="1" timestamp="23 Nov 2016 11:25:40 GMT" time="44.354" errors="0">
  <testcase name="transferredAddingTest" time="17.434" classname="cn.alibabapictures.cloudgoods.TransferredTest"/>
  <testcase name="transferredModifyTest" time="5.728" classname="cn.alibabapictures.cloudgoods.TransferredTest"/>
  <testcase name="transferredCopyTest" time="6.219" classname="cn.alibabapictures.cloudgoods.TransferredTest"/>
  <testcase name="transferredOplogTest" time="4.072" classname="cn.alibabapictures.cloudgoods.TransferredTest"/>
  <testcase name="transferredDiffConfigTest" time="4.087" classname="cn.alibabapictures.cloudgoods.TransferredTest"/>
  <testcase name="transferredDeleteTest" time="3.203" classname="cn.alibabapictures.cloudgoods.TransferredTest">
    <failure type="org.openqa.selenium.ElementNotVisibleException" message="Element is not visible
Build info: version: &amp;apos;3.0.1&amp;apos;, revision: &amp;apos;1969d75&amp;apos;, time: &amp;apos;2016-10-18 09:49:13 -0700&amp;apos;
System info: host: &amp;apos;Andy&amp;apos;, ip: &amp;apos;10.254.254.101&amp;apos;, os.name: &amp;apos;Windows 7&amp;apos;, os.arch: &amp;apos;amd64&amp;apos;, os.version: &amp;apos;6.1&amp;apos;, java.version: &amp;apos;1.8.0_101&amp;apos;
Driver info: org.openqa.selenium.firefox.FirefoxDriver
Capabilities [{rotatable=false, raisesAccessibilityExceptions=false, marionette=true, firefoxOptions={args=[], prefs={}}, appBuildId=20160823121617, version=, platform=XP, proxy={}, command_id=1, specificationLevel=0, acceptSslCerts=false, browserVersion=48.0.2, platformVersion=6.1, XULappId={ec8030f7-c20a-464f-9b0e-13a3a9e97384}, browserName=Firefox, takesScreenshot=true, takesElementScreenshot=true, platformName=Windows_NT, device=desktop}]
Session ID: e0463a51-0592-40af-b51c-76d8e4375b24">
      <![CDATA[org.openqa.selenium.ElementNotVisibleException: Element is not visible
Build info: version: '3.0.1', revision: '1969d75', time: '2016-10-18 09:49:13 -0700'
System info: host: 'Andy', ip: '10.254.254.101', os.name: 'Windows 7', os.arch: 'amd64', os.version: '6.1', java.version: '1.8.0_101'
Driver info: org.openqa.selenium.firefox.FirefoxDriver
Capabilities [{rotatable=false, raisesAccessibilityExceptions=false, marionette=true, firefoxOptions={args=[], prefs={}}, appBuildId=20160823121617, version=, platform=XP, proxy={}, command_id=1, specificationLevel=0, acceptSslCerts=false, browserVersion=48.0.2, platformVersion=6.1, XULappId={ec8030f7-c20a-464f-9b0e-13a3a9e97384}, browserName=Firefox, takesScreenshot=true, takesElementScreenshot=true, platformName=Windows_NT, device=desktop}]
Session ID: e0463a51-0592-40af-b51c-76d8e4375b24
	at org.openqa.selenium.remote.http.W3CHttpResponseCodec.createException(W3CHttpResponseCodec.java:127)
	at org.openqa.selenium.remote.http.W3CHttpResponseCodec.decode(W3CHttpResponseCodec.java:93)
	at org.openqa.selenium.remote.http.W3CHttpResponseCodec.decode(W3CHttpResponseCodec.java:42)
	at org.openqa.selenium.remote.HttpCommandExecutor.execute(HttpCommandExecutor.java:163)
	at org.openqa.selenium.remote.service.DriverCommandExecutor.execute(DriverCommandExecutor.java:82)
	at org.openqa.selenium.remote.RemoteWebDriver.execute(RemoteWebDriver.java:601)
	at org.openqa.selenium.remote.RemoteWebElement.execute(RemoteWebElement.java:274)
	at org.openqa.selenium.remote.RemoteWebElement.click(RemoteWebElement.java:84)
	at cn.alibabapictures.cloudgoods.TransferredTest.transferredDeleteTest(TransferredTest.java:211)
... Removed 29 stack frames]]>
    </failure>
  </testcase> <!-- transferredDeleteTest -->
</testsuite> <!-- Default test -->
