<?xml version="1.0" encoding="UTF-8"?>
<!-- Generated by org.testng.reporters.JUnitXMLReporter -->
<testsuite hostname="ALIYY-112533n" name="CategoryTestCase" tests="4" failures="0" timestamp="18 Nov 2016 03:42:30 GMT" time="70.034" errors="0">
  <testcase name="categoryAddingTest" time="6.633" classname="cn.alibabapictures.cloudgoods.CategoryTesting"/>
  <testcase name="categoryModifyTest" time="3.55" classname="cn.alibabapictures.cloudgoods.CategoryTesting"/>
  <testcase name="categoryOplogTest" time="3.202" classname="cn.alibabapictures.cloudgoods.CategoryTesting"/>
  <testcase name="categoryDeleteTest" time="3.183" classname="cn.alibabapictures.cloudgoods.CategoryTesting"/>
</testsuite> <!-- CategoryTestCase -->
